C51 COMPILER V9.51   TRANSMIT_DATA                                                         01/24/2015 18:04:10 PAGE 1   


C51 COMPILER V9.51, COMPILATION OF MODULE TRANSMIT_DATA
OBJECT MODULE PLACED IN Transmit_data.OBJ
COMPILER INVOKED BY: C:\Keil\C51\BIN\C51.EXE Transmit_data.C OMF2 BROWSE DEBUG TABS(2)

line level    source

   1          #include <REGX51.H>
   2          
   3          /***********************************************************************************
   4          **                                                                                **
   5          **  Project = This is a program to transmit Data on serial Port                   **
   6          **  Use Hyper Terminal in 9600 BPS                                                **
   7          **  Author  = Alok                                                                **
   8          **                                                                                **
   9          **                                                                                **    
  10          ***********************************************************************************/
  11          
  12          void serialset();
  13          void transmit_data(unsigned char str[]);
  14          
  15          void main()
  16            {
  17   1          serialset(); // to set baudrate
  18   1          
  19   1          
  20   1          transmit_data("Hello");
  21   1        }
  22            
  23            
  24            
  25            
  26            
  27            
  28            
  29          /////////////////////////////// functions ////////////////////////////////////////////////////////////////
             -/////////////////////////// 
  30          void serialset()
  31          {
  32   1      TH1= 0xfd;
  33   1      SCON= 0x50;
  34   1      TMOD = 0x20;
  35   1      TR1 =1;
  36   1      }
  37          
  38          
  39          void transmit_data(unsigned char str[])
  40            {
  41   1         unsigned char st;
  42   1            for(st=0;str[st]!='\0';st++)
  43   1            {
  44   2            SBUF=str[st];
  45   2            while(TI==0);
  46   2            TI=0;
  47   2            }
  48   1      }


MODULE INFORMATION:   STATIC OVERLAYABLE
   CODE SIZE        =     59    ----
   CONSTANT SIZE    =      6    ----
   XDATA SIZE       =   ----    ----
C51 COMPILER V9.51   TRANSMIT_DATA                                                         01/24/2015 18:04:10 PAGE 2   

   PDATA SIZE       =   ----    ----
   DATA SIZE        =   ----       3
   IDATA SIZE       =   ----    ----
   BIT SIZE         =   ----    ----
   EDATA SIZE       =   ----    ----
   HDATA SIZE       =   ----    ----
   XDATA CONST SIZE =   ----    ----
   FAR CONST SIZE   =   ----    ----
END OF MODULE INFORMATION.


C51 COMPILATION COMPLETE.  0 WARNING(S),  0 ERROR(S)
